<?xml version="1.0" encoding="UTF-8"?>
<testng-results skipped="0" failed="0" ignored="0" total="1" passed="1">
  <reporter-output>
  </reporter-output>
  <suite name="Default suite" duration-ms="30733" started-at="2019-04-05T19:35:04Z" finished-at="2019-04-05T19:35:34Z">
    <groups>
    </groups>
    <test name="Default test" duration-ms="30733" started-at="2019-04-05T19:35:04Z" finished-at="2019-04-05T19:35:34Z">
      <class name="script.homepg">
        <test-method status="PASS" signature="open()[pri:0, instance:script.homepg@319b92f3]" name="open" is-config="true" duration-ms="18438" started-at="2019-04-05T19:35:04Z" finished-at="2019-04-05T19:35:22Z">
          <reporter-output>
          </reporter-output>
        </test-method> <!-- open -->
        <test-method status="PASS" signature="banners()[pri:0, instance:script.homepg@319b92f3]" name="banners" duration-ms="11655" started-at="2019-04-05T19:35:22Z" finished-at="2019-04-05T19:35:34Z">
          <reporter-output>
          </reporter-output>
        </test-method> <!-- banners -->
        <test-method status="PASS" signature="close()[pri:0, instance:script.homepg@319b92f3]" name="close" is-config="true" duration-ms="608" started-at="2019-04-05T19:35:34Z" finished-at="2019-04-05T19:35:34Z">
          <reporter-output>
          </reporter-output>
        </test-method> <!-- close -->
      </class> <!-- script.homepg -->
    </test> <!-- Default test -->
  </suite> <!-- Default suite -->
</testng-results>
