<?xml version="1.0" encoding="UTF-8"?>
<testng-results skipped="0" failed="0" ignored="0" total="1" passed="1">
  <reporter-output>
  </reporter-output>
  <suite name="Default suite" duration-ms="28149" started-at="2019-04-14T15:03:53Z" finished-at="2019-04-14T15:04:21Z">
    <groups>
    </groups>
    <test name="Default test" duration-ms="28149" started-at="2019-04-14T15:03:53Z" finished-at="2019-04-14T15:04:21Z">
      <class name="script.searchpg">
        <test-method status="PASS" signature="open()[pri:0, instance:script.searchpg@319b92f3]" name="open" is-config="true" duration-ms="14173" started-at="2019-04-14T15:03:53Z" finished-at="2019-04-14T15:04:07Z">
          <reporter-output>
          </reporter-output>
        </test-method> <!-- open -->
        <test-method status="PASS" signature="atc()[pri:0, instance:script.searchpg@319b92f3]" name="atc" duration-ms="13890" started-at="2019-04-14T15:04:07Z" finished-at="2019-04-14T15:04:21Z">
          <reporter-output>
          </reporter-output>
        </test-method> <!-- atc -->
        <test-method status="PASS" signature="close()[pri:0, instance:script.searchpg@319b92f3]" name="close" is-config="true" duration-ms="47" started-at="2019-04-14T15:04:21Z" finished-at="2019-04-14T15:04:21Z">
          <reporter-output>
          </reporter-output>
        </test-method> <!-- close -->
      </class> <!-- script.searchpg -->
    </test> <!-- Default test -->
  </suite> <!-- Default suite -->
</testng-results>
